<?xml version="1.0" encoding="UTF-8"?>
<robot generator="Robot 4.1 (Python 3.9.7 on win32)" generated="20211011 16:47:40.824" rpa="false" schemaversion="2">
<suite id="s1" name="Approver" source="D:\Robot Framework\Project-SmartFlow\SmartFlow\Approver.robot">
<kw name="Initialize Random Variables" library="Approver_Keywords" type="SETUP">
<kw name="Generate Random String" library="String">
<var>${ref}</var>
<arg>5</arg>
<arg>0123456789ABCDEFGHIJKLMNLOPQRSTUVWXYZ</arg>
<doc>Generates a string with a desired ``length`` from the given ``chars``.</doc>
<msg timestamp="20211011 16:47:41.138" level="INFO">${ref} = DQF9X</msg>
<status status="PASS" starttime="20211011 16:47:41.137" endtime="20211011 16:47:41.138"/>
</kw>
<kw name="Get Current Date" library="DateTime">
<var>${currentdate}</var>
<arg>result_format=%Y%m%d</arg>
<doc>Returns current local or UTC time with an optional increment.</doc>
<msg timestamp="20211011 16:47:41.138" level="INFO">${currentdate} = 20211011</msg>
<status status="PASS" starttime="20211011 16:47:41.138" endtime="20211011 16:47:41.138"/>
</kw>
<kw name="Get Current Date" library="DateTime">
<var>${date}</var>
<arg>result_format=%d/%m/%Y</arg>
<doc>Returns current local or UTC time with an optional increment.</doc>
<msg timestamp="20211011 16:47:41.138" level="INFO">${date} = 11/10/2021</msg>
<status status="PASS" starttime="20211011 16:47:41.138" endtime="20211011 16:47:41.138"/>
</kw>
<kw name="Add Time To Date" library="DateTime">
<var>${expdate}</var>
<arg>${current_date}</arg>
<arg>7 days</arg>
<arg>result_format=%d/%m/%Y</arg>
<doc>Adds time to date and returns the resulting date.</doc>
<msg timestamp="20211011 16:47:41.142" level="INFO">${expdate} = 18/10/2021</msg>
<status status="PASS" starttime="20211011 16:47:41.138" endtime="20211011 16:47:41.142"/>
</kw>
<kw name="Add Time To Date" library="DateTime">
<var>${newexpdate}</var>
<arg>${current_date}</arg>
<arg>14 days</arg>
<arg>result_format=%d/%m/%Y</arg>
<doc>Adds time to date and returns the resulting date.</doc>
<msg timestamp="20211011 16:47:41.143" level="INFO">${newexpdate} = 25/10/2021</msg>
<status status="PASS" starttime="20211011 16:47:41.142" endtime="20211011 16:47:41.143"/>
</kw>
<kw name="Set Global Variable" library="BuiltIn">
<arg>${ref}</arg>
<doc>Makes a variable available globally in all tests and suites.</doc>
<msg timestamp="20211011 16:47:41.143" level="INFO">${ref} = DQF9X</msg>
<status status="PASS" starttime="20211011 16:47:41.143" endtime="20211011 16:47:41.143"/>
</kw>
<kw name="Set Global Variable" library="BuiltIn">
<arg>${currentdate}</arg>
<doc>Makes a variable available globally in all tests and suites.</doc>
<msg timestamp="20211011 16:47:41.144" level="INFO">${currentdate} = 20211011</msg>
<status status="PASS" starttime="20211011 16:47:41.143" endtime="20211011 16:47:41.144"/>
</kw>
<kw name="Set Global Variable" library="BuiltIn">
<arg>${date}</arg>
<doc>Makes a variable available globally in all tests and suites.</doc>
<msg timestamp="20211011 16:47:41.144" level="INFO">${date} = 11/10/2021</msg>
<status status="PASS" starttime="20211011 16:47:41.144" endtime="20211011 16:47:41.144"/>
</kw>
<kw name="Set Global Variable" library="BuiltIn">
<arg>${expdate}</arg>
<doc>Makes a variable available globally in all tests and suites.</doc>
<msg timestamp="20211011 16:47:41.144" level="INFO">${expdate} = 18/10/2021</msg>
<status status="PASS" starttime="20211011 16:47:41.144" endtime="20211011 16:47:41.144"/>
</kw>
<kw name="Set Global Variable" library="BuiltIn">
<arg>${newexpdate}</arg>
<doc>Makes a variable available globally in all tests and suites.</doc>
<msg timestamp="20211011 16:47:41.145" level="INFO">${newexpdate} = 25/10/2021</msg>
<status status="PASS" starttime="20211011 16:47:41.144" endtime="20211011 16:47:41.145"/>
</kw>
<status status="PASS" starttime="20211011 16:47:41.137" endtime="20211011 16:47:41.145"/>
</kw>
<test id="s1-t1" name="Approve The Document">
<kw name="Login In Successful" library="Approver_Keywords">
<arg>thapagorn_h</arg>
<arg>1234</arg>
<kw name="Open Browser" library="Selenium2Library">
<arg>${URL}</arg>
<arg>${BROWSER}</arg>
<doc>Opens a new browser instance to the optional ``url``.</doc>
<msg timestamp="20211011 16:47:41.146" level="INFO">Opening browser 'chrome' to base url 'http://qa-smartflow.benchachinda.co.th/accounts/login'.</msg>
<status status="PASS" starttime="20211011 16:47:41.146" endtime="20211011 16:47:48.282"/>
</kw>
<kw name="Maximize Browser Window" library="Selenium2Library">
<doc>Maximizes current browser window.</doc>
<status status="PASS" starttime="20211011 16:47:48.282" endtime="20211011 16:47:48.420"/>
</kw>
<kw name="Wait Until Element Is Visible" library="Selenium2Library">
<arg>xpath=//button[normalize-space()='SIGN IN']</arg>
<doc>Waits until the element ``locator`` is visible.</doc>
<status status="PASS" starttime="20211011 16:47:48.420" endtime="20211011 16:47:48.464"/>
</kw>
<kw name="Input Text" library="Selenium2Library">
<arg>xpath=//input[@placeholder='Enter Username']</arg>
<arg>${login}</arg>
<doc>Types the given ``text`` into the text field identified by ``locator``.</doc>
<msg timestamp="20211011 16:47:48.465" level="INFO">Typing text 'thapagorn_h' into text field 'xpath=//input[@placeholder='Enter Username']'.</msg>
<status status="PASS" starttime="20211011 16:47:48.465" endtime="20211011 16:47:48.561"/>
</kw>
<kw name="Input Text" library="Selenium2Library">
<arg>xpath=//input[@placeholder='Enter Password']</arg>
<arg>${password}</arg>
<doc>Types the given ``text`` into the text field identified by ``locator``.</doc>
<msg timestamp="20211011 16:47:48.561" level="INFO">Typing text '1234' into text field 'xpath=//input[@placeholder='Enter Password']'.</msg>
<status status="PASS" starttime="20211011 16:47:48.561" endtime="20211011 16:47:48.653"/>
</kw>
<kw name="Click Button" library="Selenium2Library">
<arg>xpath=//button[normalize-space()='SIGN IN']</arg>
<doc>Clicks the button identified by ``locator``.</doc>
<msg timestamp="20211011 16:47:48.653" level="INFO">Clicking button 'xpath=//button[normalize-space()='SIGN IN']'.</msg>
<status status="PASS" starttime="20211011 16:47:48.653" endtime="20211011 16:47:48.725"/>
</kw>
<kw name="Wait Until Element Is Visible" library="Selenium2Library">
<arg>xpath=//button[@class='btn btn-verified-and-continue']</arg>
<arg>30s</arg>
<doc>Waits until the element ``locator`` is visible.</doc>
<status status="PASS" starttime="20211011 16:47:48.725" endtime="20211011 16:47:48.973"/>
</kw>
<status status="PASS" starttime="20211011 16:47:41.146" endtime="20211011 16:47:48.973"/>
</kw>
<kw name="Input The OTP For Second Verification" library="Approver_Keywords">
<kw name="Input Text" library="Selenium2Library">
<arg>xpath=//div[@class='otp-form-wrapper justify-content-around']//div[1]//input[1]</arg>
<arg>${OTP}</arg>
<doc>Types the given ``text`` into the text field identified by ``locator``.</doc>
<msg timestamp="20211011 16:47:48.974" level="INFO">Typing text '9' into text field 'xpath=//div[@class='otp-form-wrapper justify-content-around']//div[1]//input[1]'.</msg>
<status status="PASS" starttime="20211011 16:47:48.974" endtime="20211011 16:47:49.065"/>
</kw>
<kw name="Input Text" library="Selenium2Library">
<arg>xpath=//div[@class='otp-form-wrapper justify-content-around']//div[2]//input[1]</arg>
<arg>${OTP}</arg>
<doc>Types the given ``text`` into the text field identified by ``locator``.</doc>
<msg timestamp="20211011 16:47:49.065" level="INFO">Typing text '9' into text field 'xpath=//div[@class='otp-form-wrapper justify-content-around']//div[2]//input[1]'.</msg>
<status status="PASS" starttime="20211011 16:47:49.065" endtime="20211011 16:47:49.137"/>
</kw>
<kw name="Input Text" library="Selenium2Library">
<arg>xpath=//div[@class='otp-form-wrapper justify-content-around']//div[3]//input[1]</arg>
<arg>${OTP}</arg>
<doc>Types the given ``text`` into the text field identified by ``locator``.</doc>
<msg timestamp="20211011 16:47:49.137" level="INFO">Typing text '9' into text field 'xpath=//div[@class='otp-form-wrapper justify-content-around']//div[3]//input[1]'.</msg>
<status status="PASS" starttime="20211011 16:47:49.137" endtime="20211011 16:47:49.205"/>
</kw>
<kw name="Input Text" library="Selenium2Library">
<arg>xpath=//div[@class='otp-form-wrapper justify-content-around']//div[4]//input[1]</arg>
<arg>${OTP}</arg>
<doc>Types the given ``text`` into the text field identified by ``locator``.</doc>
<msg timestamp="20211011 16:47:49.205" level="INFO">Typing text '9' into text field 'xpath=//div[@class='otp-form-wrapper justify-content-around']//div[4]//input[1]'.</msg>
<status status="PASS" starttime="20211011 16:47:49.205" endtime="20211011 16:47:49.275"/>
</kw>
<kw name="Input Text" library="Selenium2Library">
<arg>xpath=//div[@class='otp-form-wrapper justify-content-around']//div[5]//input[1]</arg>
<arg>${OTP}</arg>
<doc>Types the given ``text`` into the text field identified by ``locator``.</doc>
<msg timestamp="20211011 16:47:49.276" level="INFO">Typing text '9' into text field 'xpath=//div[@class='otp-form-wrapper justify-content-around']//div[5]//input[1]'.</msg>
<status status="PASS" starttime="20211011 16:47:49.276" endtime="20211011 16:47:49.345"/>
</kw>
<kw name="Input Text" library="Selenium2Library">
<arg>xpath=//div[@class='otp-form-wrapper justify-content-around']//div[6]//input[1]</arg>
<arg>${OTP}</arg>
<doc>Types the given ``text`` into the text field identified by ``locator``.</doc>
<msg timestamp="20211011 16:47:49.345" level="INFO">Typing text '9' into text field 'xpath=//div[@class='otp-form-wrapper justify-content-around']//div[6]//input[1]'.</msg>
<status status="PASS" starttime="20211011 16:47:49.345" endtime="20211011 16:47:49.414"/>
</kw>
<kw name="Click Button" library="Selenium2Library">
<arg>xpath=//button[@class='btn btn-verified-and-continue']</arg>
<doc>Clicks the button identified by ``locator``.</doc>
<msg timestamp="20211011 16:47:49.414" level="INFO">Clicking button 'xpath=//button[@class='btn btn-verified-and-continue']'.</msg>
<status status="PASS" starttime="20211011 16:47:49.414" endtime="20211011 16:47:49.471"/>
</kw>
<status status="PASS" starttime="20211011 16:47:48.974" endtime="20211011 16:47:49.472"/>
</kw>
<kw name="Assert Signature" library="Approver_Keywords">
<kw name="Run Keyword And Return Status" library="BuiltIn">
<var>${alert}</var>
<arg>Wait Until Element Is Visible</arg>
<arg>//div[@class='modal-content']</arg>
<doc>Runs the given keyword with given arguments and returns the status as a Boolean value.</doc>
<kw name="Wait Until Element Is Visible" library="Selenium2Library">
<arg>//div[@class='modal-content']</arg>
<doc>Waits until the element ``locator`` is visible.</doc>
<msg timestamp="20211011 16:47:49.792" level="INFO">Suppressing StaleElementReferenceException from Selenium.</msg>
<kw name="Capture Page Screenshot" library="Selenium2Library">
<doc>Takes a screenshot of the current page and embeds it into a log file.</doc>
<msg timestamp="20211011 16:47:54.757" level="INFO" html="true">&lt;/td&gt;&lt;/tr&gt;&lt;tr&gt;&lt;td colspan="3"&gt;&lt;a href="selenium-screenshot-7.png"&gt;&lt;img src="selenium-screenshot-7.png" width="800px"&gt;&lt;/a&gt;</msg>
<status status="PASS" starttime="20211011 16:47:54.626" endtime="20211011 16:47:54.757"/>
</kw>
<msg timestamp="20211011 16:47:54.762" level="FAIL">Element '//div[@class='modal-content']' not visible after 5 seconds.</msg>
<status status="FAIL" starttime="20211011 16:47:49.473" endtime="20211011 16:47:54.762"/>
</kw>
<msg timestamp="20211011 16:47:54.762" level="INFO">${alert} = False</msg>
<status status="PASS" starttime="20211011 16:47:49.472" endtime="20211011 16:47:54.762"/>
</kw>
<kw name="Run Keyword If" library="BuiltIn">
<arg>'${alert}' == 'True'</arg>
<arg>Close Signature Alert</arg>
<doc>Runs the given keyword with the given arguments, if ``condition`` is true.</doc>
<status status="PASS" starttime="20211011 16:47:54.762" endtime="20211011 16:47:54.763"/>
</kw>
<kw name="Run Keyword If" library="BuiltIn">
<arg>'${alert}' != 'True'</arg>
<arg>Signature Added</arg>
<doc>Runs the given keyword with the given arguments, if ``condition`` is true.</doc>
<kw name="Signature Added" library="Approver_Keywords">
<kw name="Get Text" library="Selenium2Library">
<var>${accountname}</var>
<arg>//span[@class='font-weight-bold mb-2']</arg>
<doc>Returns the text value of the element identified by ``locator``.</doc>
<msg timestamp="20211011 16:47:54.824" level="INFO">${accountname} = Thapagorn</msg>
<status status="PASS" starttime="20211011 16:47:54.763" endtime="20211011 16:47:54.824"/>
</kw>
<kw name="Should Contain" library="BuiltIn">
<arg>${accountname}</arg>
<arg>Thapagorn</arg>
<doc>Fails if ``container`` does not contain ``item`` one or more times.</doc>
<status status="PASS" starttime="20211011 16:47:54.824" endtime="20211011 16:47:54.824"/>
</kw>
<status status="PASS" starttime="20211011 16:47:54.763" endtime="20211011 16:47:54.824"/>
</kw>
<status status="PASS" starttime="20211011 16:47:54.763" endtime="20211011 16:47:54.824"/>
</kw>
<status status="PASS" starttime="20211011 16:47:49.472" endtime="20211011 16:47:54.824"/>
</kw>
<kw name="Approve The Document" library="Approver_Keywords">
<kw name="Wait Until Element Is Visible" library="Selenium2Library">
<arg>id:DataTableWaitingForMyApproval</arg>
<arg>30s</arg>
<doc>Waits until the element ``locator`` is visible.</doc>
<status status="PASS" starttime="20211011 16:47:54.825" endtime="20211011 16:47:54.846"/>
</kw>
<kw name="Get Element Count" library="Selenium2Library">
<var>${count}</var>
<arg>//p[contains(text(),'Subject-${currentdate}-EDIT_')]</arg>
<doc>Returns the number of elements matching ``locator``.</doc>
<msg timestamp="20211011 16:47:54.857" level="INFO">${count} = 2</msg>
<status status="PASS" starttime="20211011 16:47:54.847" endtime="20211011 16:47:54.857"/>
</kw>
<for flavor="IN RANGE">
<var>${i}</var>
<value>${count}</value>
<iter>
<var name="${i}">0</var>
<kw name="Evaluate" library="BuiltIn">
<var>${ni}</var>
<arg>${i}+1</arg>
<doc>Evaluates the given expression in Python and returns the result.</doc>
<msg timestamp="20211011 16:47:54.858" level="INFO">${ni} = 1</msg>
<status status="PASS" starttime="20211011 16:47:54.858" endtime="20211011 16:47:54.858"/>
</kw>
<kw name="Click Element" library="Selenium2Library">
<arg>xpath=//p[contains(text(),'Subject-${currentdate}-EDIT_')]</arg>
<doc>Click the element identified by ``locator``.</doc>
<msg timestamp="20211011 16:47:54.858" level="INFO">Clicking element 'xpath=//p[contains(text(),'Subject-20211011-EDIT_')]'.</msg>
<status status="PASS" starttime="20211011 16:47:54.858" endtime="20211011 16:47:54.981"/>
</kw>
<kw name="Wait Until Element Is Visible" library="Selenium2Library">
<arg>xpath=//div[@class='progress-container']</arg>
<arg>30s</arg>
<doc>Waits until the element ``locator`` is visible.</doc>
<status status="PASS" starttime="20211011 16:47:54.982" endtime="20211011 16:47:55.718"/>
</kw>
<kw name="Scroll Element Into View" library="Selenium2Library">
<arg>xpath=//button[normalize-space()='Approve']</arg>
<doc>Scrolls the element identified by ``locator`` into view.</doc>
<status status="PASS" starttime="20211011 16:47:55.718" endtime="20211011 16:47:56.008"/>
</kw>
<kw name="Click Button" library="Selenium2Library">
<arg>xpath=//button[normalize-space()='Approve']</arg>
<doc>Clicks the button identified by ``locator``.</doc>
<msg timestamp="20211011 16:47:56.009" level="INFO">Clicking button 'xpath=//button[normalize-space()='Approve']'.</msg>
<status status="PASS" starttime="20211011 16:47:56.009" endtime="20211011 16:47:56.083"/>
</kw>
<kw name="Sleep" library="BuiltIn">
<arg>8s</arg>
<doc>Pauses the test executed for the given time.</doc>
<msg timestamp="20211011 16:48:04.090" level="INFO">Slept 8 seconds</msg>
<status status="PASS" starttime="20211011 16:47:56.084" endtime="20211011 16:48:04.090"/>
</kw>
<status status="PASS" starttime="20211011 16:47:54.857" endtime="20211011 16:48:04.090"/>
</iter>
<iter>
<var name="${i}">1</var>
<kw name="Evaluate" library="BuiltIn">
<var>${ni}</var>
<arg>${i}+1</arg>
<doc>Evaluates the given expression in Python and returns the result.</doc>
<msg timestamp="20211011 16:48:04.092" level="INFO">${ni} = 2</msg>
<status status="PASS" starttime="20211011 16:48:04.091" endtime="20211011 16:48:04.092"/>
</kw>
<kw name="Click Element" library="Selenium2Library">
<arg>xpath=//p[contains(text(),'Subject-${currentdate}-EDIT_')]</arg>
<doc>Click the element identified by ``locator``.</doc>
<msg timestamp="20211011 16:48:04.093" level="INFO">Clicking element 'xpath=//p[contains(text(),'Subject-20211011-EDIT_')]'.</msg>
<status status="PASS" starttime="20211011 16:48:04.092" endtime="20211011 16:48:04.181"/>
</kw>
<kw name="Wait Until Element Is Visible" library="Selenium2Library">
<arg>xpath=//div[@class='progress-container']</arg>
<arg>30s</arg>
<doc>Waits until the element ``locator`` is visible.</doc>
<status status="PASS" starttime="20211011 16:48:04.182" endtime="20211011 16:48:04.535"/>
</kw>
<kw name="Scroll Element Into View" library="Selenium2Library">
<arg>xpath=//button[normalize-space()='Approve']</arg>
<doc>Scrolls the element identified by ``locator`` into view.</doc>
<status status="PASS" starttime="20211011 16:48:04.535" endtime="20211011 16:48:04.828"/>
</kw>
<kw name="Click Button" library="Selenium2Library">
<arg>xpath=//button[normalize-space()='Approve']</arg>
<doc>Clicks the button identified by ``locator``.</doc>
<msg timestamp="20211011 16:48:04.829" level="INFO">Clicking button 'xpath=//button[normalize-space()='Approve']'.</msg>
<status status="PASS" starttime="20211011 16:48:04.828" endtime="20211011 16:48:04.891"/>
</kw>
<kw name="Sleep" library="BuiltIn">
<arg>8s</arg>
<doc>Pauses the test executed for the given time.</doc>
<msg timestamp="20211011 16:48:12.894" level="INFO">Slept 8 seconds</msg>
<status status="PASS" starttime="20211011 16:48:04.891" endtime="20211011 16:48:12.894"/>
</kw>
<status status="PASS" starttime="20211011 16:48:04.091" endtime="20211011 16:48:12.894"/>
</iter>
<status status="PASS" starttime="20211011 16:47:54.857" endtime="20211011 16:48:12.894"/>
</for>
<status status="PASS" starttime="20211011 16:47:54.825" endtime="20211011 16:48:12.895"/>
</kw>
<kw name="Assert No Remain Documents" library="Approver_Keywords">
<kw name="Page Should Not Contain Element" library="Selenium2Library">
<arg>xpath=//p[contains(text(),'Subject-${currentdate}-EDIT_')]</arg>
<doc>Verifies that element ``locator`` is not found on the current page.</doc>
<msg timestamp="20211011 16:48:12.913" level="INFO">Current page does not contain element 'xpath=//p[contains(text(),'Subject-20211011-EDIT_')]'.</msg>
<status status="PASS" starttime="20211011 16:48:12.897" endtime="20211011 16:48:12.913"/>
</kw>
<kw name="Capture Page Screenshot" library="Selenium2Library">
<arg>${PICTUREPATH}/FNAP_Approve-Documents.png</arg>
<doc>Takes a screenshot of the current page and embeds it into a log file.</doc>
<msg timestamp="20211011 16:48:13.075" level="INFO" html="true">&lt;/td&gt;&lt;/tr&gt;&lt;tr&gt;&lt;td colspan="3"&gt;&lt;a href="Capture_Result/FNAP_Approve-Documents.png"&gt;&lt;img src="Capture_Result/FNAP_Approve-Documents.png" width="800px"&gt;&lt;/a&gt;</msg>
<status status="PASS" starttime="20211011 16:48:12.913" endtime="20211011 16:48:13.075"/>
</kw>
<status status="PASS" starttime="20211011 16:48:12.896" endtime="20211011 16:48:13.075"/>
</kw>
<kw name="Close All Browsers" library="Selenium2Library" type="TEARDOWN">
<doc>Closes all open browsers and resets the browser cache.</doc>
<status status="PASS" starttime="20211011 16:48:13.076" endtime="20211011 16:48:15.928"/>
</kw>
<tag>regression</tag>
<status status="PASS" starttime="20211011 16:47:41.145" endtime="20211011 16:48:15.929"/>
</test>
<kw name="Close All Browsers" library="Selenium2Library" type="TEARDOWN">
<doc>Closes all open browsers and resets the browser cache.</doc>
<status status="PASS" starttime="20211011 16:48:15.933" endtime="20211011 16:48:15.933"/>
</kw>
<status status="PASS" starttime="20211011 16:47:40.832" endtime="20211011 16:48:15.933"/>
</suite>
<statistics>
<total>
<stat pass="1" fail="0" skip="0">All Tests</stat>
</total>
<tag>
<stat pass="1" fail="0" skip="0">regression</stat>
</tag>
<suite>
<stat pass="1" fail="0" skip="0" id="s1" name="Approver">Approver</stat>
</suite>
</statistics>
<errors>
</errors>
</robot>
